c:\users\trosselet\source\repos\exoencapsulation\exoencapsulation\x64\debug\vc143.pdb
c:\users\trosselet\source\repos\exoencapsulation\exoencapsulation\x64\debug\vc143.idb
c:\users\trosselet\source\repos\exoencapsulation\exoencapsulation\x64\debug\vector2.obj
c:\users\trosselet\source\repos\exoencapsulation\exoencapsulation\x64\debug\staticobject.obj
c:\users\trosselet\source\repos\exoencapsulation\exoencapsulation\x64\debug\integer.obj
c:\users\trosselet\source\repos\exoencapsulation\exoencapsulation\x64\debug\iattack.obj
c:\users\trosselet\source\repos\exoencapsulation\exoencapsulation\x64\debug\entity.obj
c:\users\trosselet\source\repos\exoencapsulation\exoencapsulation\x64\debug\amovable.obj
c:\users\trosselet\source\repos\exoencapsulation\exoencapsulation\x64\debug\alive.obj
c:\users\trosselet\source\repos\exoencapsulation\exoencapsulation\x64\debug\breakableobject.obj
c:\users\trosselet\source\repos\exoencapsulation\exoencapsulation\x64\debug\player.obj
c:\users\trosselet\source\repos\exoencapsulation\exoencapsulation\x64\debug\mobs.obj
c:\users\trosselet\source\repos\exoencapsulation\exoencapsulation\x64\debug\main.obj
c:\users\trosselet\source\repos\exoencapsulation\exoencapsulation\x64\debug\world.obj
c:\users\trosselet\source\repos\exoencapsulation\x64\debug\exoencapsulation.exe
c:\users\trosselet\source\repos\exoencapsulation\x64\debug\exoencapsulation.pdb
c:\users\trosselet\source\repos\exoencapsulation\exoencapsulation\x64\debug\exoencapsulation.ilk
c:\users\trosselet\source\repos\exoencapsulation\exoencapsulation\x64\debug\mob1.obj
c:\users\trosselet\source\repos\exoencapsulation\exoencapsulation\x64\debug\exoencapsulation.pdb
c:\users\trosselet\source\repos\exoencapsulation\exoencapsulation\x64\debug\exoencapsulation.tlog\cl.command.1.tlog
c:\users\trosselet\source\repos\exoencapsulation\exoencapsulation\x64\debug\exoencapsulation.tlog\cl.items.tlog
c:\users\trosselet\source\repos\exoencapsulation\exoencapsulation\x64\debug\exoencapsulation.tlog\cl.read.1.tlog
c:\users\trosselet\source\repos\exoencapsulation\exoencapsulation\x64\debug\exoencapsulation.tlog\cl.write.1.tlog
c:\users\trosselet\source\repos\exoencapsulation\exoencapsulation\x64\debug\exoencapsulation.tlog\link.command.1.tlog
c:\users\trosselet\source\repos\exoencapsulation\exoencapsulation\x64\debug\exoencapsulation.tlog\link.read.1.tlog
c:\users\trosselet\source\repos\exoencapsulation\exoencapsulation\x64\debug\exoencapsulation.tlog\link.secondary.1.tlog
c:\users\trosselet\source\repos\exoencapsulation\exoencapsulation\x64\debug\exoencapsulation.tlog\link.write.1.tlog
